04-Dec-2018 17:55:41.810 INFO [main] org.apache.coyote.AbstractProtocol.init Initializing ProtocolHandler ["http-nio-8081"]
04-Dec-2018 17:55:41.851 INFO [main] org.apache.tomcat.util.net.NioSelectorPool.getSharedSelector Using a shared selector for servlet write/read
04-Dec-2018 17:55:41.880 INFO [main] org.apache.coyote.AbstractProtocol.init Initializing ProtocolHandler ["http-nio-8040"]
04-Dec-2018 17:55:41.883 INFO [main] org.apache.tomcat.util.net.NioSelectorPool.getSharedSelector Using a shared selector for servlet write/read
04-Dec-2018 17:55:41.889 INFO [main] org.apache.coyote.AbstractProtocol.init Initializing ProtocolHandler ["ajp-nio-8019"]
04-Dec-2018 17:55:41.904 INFO [main] org.apache.tomcat.util.net.NioSelectorPool.getSharedSelector Using a shared selector for servlet write/read
04-Dec-2018 17:55:41.919 INFO [main] org.apache.catalina.core.StandardService.startInternal Starting service [Catalina]
04-Dec-2018 17:55:41.930 INFO [main] org.apache.catalina.core.StandardEngine.startInternal Starting Servlet Engine: Apache Tomcat/8.5.32
04-Dec-2018 17:55:41.964 INFO [localhost-startStop-1] org.apache.catalina.startup.HostConfig.deployDescriptor Deploying configuration descriptor [/opt/jfrog/artifactory/tomcat/conf/Catalina/localhost/artifactory.xml]
04-Dec-2018 17:55:41.975 INFO [localhost-startStop-2] org.apache.catalina.startup.HostConfig.deployDescriptor Deploying configuration descriptor [/opt/jfrog/artifactory/tomcat/conf/Catalina/localhost/access.xml]
04-Dec-2018 17:55:59.733 INFO [localhost-startStop-1] org.apache.catalina.startup.HostConfig.deployDescriptor Deployment of configuration descriptor [/opt/jfrog/artifactory/tomcat/conf/Catalina/localhost/artifactory.xml] has finished in [17,767] ms
04-Dec-2018 17:56:13.199 INFO [localhost-startStop-2] org.apache.catalina.startup.HostConfig.deployDescriptor Deployment of configuration descriptor [/opt/jfrog/artifactory/tomcat/conf/Catalina/localhost/access.xml] has finished in [31,224] ms
04-Dec-2018 17:56:13.203 INFO [localhost-startStop-3] org.apache.catalina.startup.HostConfig.deployDirectory Deploying web application directory [/opt/jfrog/artifactory/tomcat/webapps/ROOT]
04-Dec-2018 17:56:13.305 INFO [localhost-startStop-3] org.apache.catalina.startup.HostConfig.deployDirectory Deployment of web application directory [/opt/jfrog/artifactory/tomcat/webapps/ROOT] has finished in [103] ms
04-Dec-2018 17:56:13.337 INFO [main] org.apache.coyote.AbstractProtocol.start Starting ProtocolHandler ["http-nio-8081"]
04-Dec-2018 17:56:13.478 INFO [main] org.apache.coyote.AbstractProtocol.start Starting ProtocolHandler ["http-nio-8040"]
04-Dec-2018 17:56:13.489 INFO [main] org.apache.coyote.AbstractProtocol.start Starting ProtocolHandler ["ajp-nio-8019"]
04-Dec-2018 18:06:30.554 INFO [main] org.apache.coyote.AbstractProtocol.init Initializing ProtocolHandler ["http-nio-8081"]
04-Dec-2018 18:06:30.742 INFO [main] org.apache.tomcat.util.net.NioSelectorPool.getSharedSelector Using a shared selector for servlet write/read
04-Dec-2018 18:06:30.802 INFO [main] org.apache.coyote.AbstractProtocol.init Initializing ProtocolHandler ["http-nio-8040"]
04-Dec-2018 18:06:30.807 INFO [main] org.apache.tomcat.util.net.NioSelectorPool.getSharedSelector Using a shared selector for servlet write/read
04-Dec-2018 18:06:30.828 INFO [main] org.apache.coyote.AbstractProtocol.init Initializing ProtocolHandler ["ajp-nio-8019"]
04-Dec-2018 18:06:30.848 INFO [main] org.apache.tomcat.util.net.NioSelectorPool.getSharedSelector Using a shared selector for servlet write/read
04-Dec-2018 18:06:30.881 INFO [main] org.apache.catalina.core.StandardService.startInternal Starting service [Catalina]
04-Dec-2018 18:06:30.898 INFO [main] org.apache.catalina.core.StandardEngine.startInternal Starting Servlet Engine: Apache Tomcat/8.5.32
04-Dec-2018 18:06:30.966 INFO [localhost-startStop-1] org.apache.catalina.startup.HostConfig.deployDescriptor Deploying configuration descriptor [/opt/jfrog/artifactory/tomcat/conf/Catalina/localhost/artifactory.xml]
04-Dec-2018 18:06:30.967 INFO [localhost-startStop-2] org.apache.catalina.startup.HostConfig.deployDescriptor Deploying configuration descriptor [/opt/jfrog/artifactory/tomcat/conf/Catalina/localhost/access.xml]
04-Dec-2018 18:07:50.958 INFO [main] org.apache.coyote.AbstractProtocol.init Initializing ProtocolHandler ["http-nio-8081"]
04-Dec-2018 18:07:51.066 INFO [main] org.apache.tomcat.util.net.NioSelectorPool.getSharedSelector Using a shared selector for servlet write/read
04-Dec-2018 18:07:51.134 INFO [main] org.apache.coyote.AbstractProtocol.init Initializing ProtocolHandler ["http-nio-8040"]
04-Dec-2018 18:07:51.148 INFO [main] org.apache.tomcat.util.net.NioSelectorPool.getSharedSelector Using a shared selector for servlet write/read
04-Dec-2018 18:07:51.185 INFO [main] org.apache.coyote.AbstractProtocol.init Initializing ProtocolHandler ["ajp-nio-8019"]
04-Dec-2018 18:07:51.200 INFO [main] org.apache.tomcat.util.net.NioSelectorPool.getSharedSelector Using a shared selector for servlet write/read
04-Dec-2018 18:07:51.292 INFO [main] org.apache.catalina.core.StandardService.startInternal Starting service [Catalina]
04-Dec-2018 18:07:51.296 INFO [main] org.apache.catalina.core.StandardEngine.startInternal Starting Servlet Engine: Apache Tomcat/8.5.32
04-Dec-2018 18:07:51.477 INFO [localhost-startStop-1] org.apache.catalina.startup.HostConfig.deployDescriptor Deploying configuration descriptor [/opt/jfrog/artifactory/tomcat/conf/Catalina/localhost/artifactory.xml]
04-Dec-2018 18:07:51.499 INFO [localhost-startStop-2] org.apache.catalina.startup.HostConfig.deployDescriptor Deploying configuration descriptor [/opt/jfrog/artifactory/tomcat/conf/Catalina/localhost/access.xml]
04-Dec-2018 18:08:42.510 INFO [localhost-startStop-1] org.apache.catalina.startup.HostConfig.deployDescriptor Deployment of configuration descriptor [/opt/jfrog/artifactory/tomcat/conf/Catalina/localhost/artifactory.xml] has finished in [51,032] ms
04-Dec-2018 18:11:58.933 INFO [localhost-startStop-2] org.apache.catalina.startup.HostConfig.deployDescriptor Deployment of configuration descriptor [/opt/jfrog/artifactory/tomcat/conf/Catalina/localhost/access.xml] has finished in [247,430] ms
04-Dec-2018 18:11:58.965 INFO [localhost-startStop-3] org.apache.catalina.startup.HostConfig.deployDirectory Deploying web application directory [/opt/jfrog/artifactory/tomcat/webapps/ROOT]
04-Dec-2018 18:11:59.464 INFO [localhost-startStop-3] org.apache.catalina.startup.HostConfig.deployDirectory Deployment of web application directory [/opt/jfrog/artifactory/tomcat/webapps/ROOT] has finished in [498] ms
04-Dec-2018 18:11:59.571 INFO [main] org.apache.coyote.AbstractProtocol.start Starting ProtocolHandler ["http-nio-8081"]
04-Dec-2018 18:11:59.636 INFO [main] org.apache.coyote.AbstractProtocol.start Starting ProtocolHandler ["http-nio-8040"]
04-Dec-2018 18:11:59.662 INFO [main] org.apache.coyote.AbstractProtocol.start Starting ProtocolHandler ["ajp-nio-8019"]
04-Dec-2018 18:19:46.091 INFO [main] org.apache.coyote.AbstractProtocol.init Initializing ProtocolHandler ["http-nio-8081"]
04-Dec-2018 18:19:46.218 INFO [main] org.apache.tomcat.util.net.NioSelectorPool.getSharedSelector Using a shared selector for servlet write/read
04-Dec-2018 18:19:46.241 INFO [main] org.apache.coyote.AbstractProtocol.init Initializing ProtocolHandler ["http-nio-8040"]
04-Dec-2018 18:19:46.244 INFO [main] org.apache.tomcat.util.net.NioSelectorPool.getSharedSelector Using a shared selector for servlet write/read
04-Dec-2018 18:19:46.248 INFO [main] org.apache.coyote.AbstractProtocol.init Initializing ProtocolHandler ["ajp-nio-8019"]
04-Dec-2018 18:19:46.259 INFO [main] org.apache.tomcat.util.net.NioSelectorPool.getSharedSelector Using a shared selector for servlet write/read
04-Dec-2018 18:19:46.280 INFO [main] org.apache.catalina.core.StandardService.startInternal Starting service [Catalina]
04-Dec-2018 18:19:46.282 INFO [main] org.apache.catalina.core.StandardEngine.startInternal Starting Servlet Engine: Apache Tomcat/8.5.32
04-Dec-2018 18:19:46.358 INFO [localhost-startStop-1] org.apache.catalina.startup.HostConfig.deployDescriptor Deploying configuration descriptor [/opt/jfrog/artifactory/tomcat/conf/Catalina/localhost/artifactory.xml]
04-Dec-2018 18:19:46.359 INFO [localhost-startStop-2] org.apache.catalina.startup.HostConfig.deployDescriptor Deploying configuration descriptor [/opt/jfrog/artifactory/tomcat/conf/Catalina/localhost/access.xml]
04-Dec-2018 18:27:15.995 INFO [main] org.apache.coyote.AbstractProtocol.init Initializing ProtocolHandler ["http-nio-8081"]
04-Dec-2018 18:27:16.239 INFO [main] org.apache.tomcat.util.net.NioSelectorPool.getSharedSelector Using a shared selector for servlet write/read
04-Dec-2018 18:27:16.318 INFO [main] org.apache.coyote.AbstractProtocol.init Initializing ProtocolHandler ["http-nio-8040"]
04-Dec-2018 18:27:16.322 INFO [main] org.apache.tomcat.util.net.NioSelectorPool.getSharedSelector Using a shared selector for servlet write/read
04-Dec-2018 18:27:16.328 INFO [main] org.apache.coyote.AbstractProtocol.init Initializing ProtocolHandler ["ajp-nio-8019"]
04-Dec-2018 18:27:16.340 INFO [main] org.apache.tomcat.util.net.NioSelectorPool.getSharedSelector Using a shared selector for servlet write/read
04-Dec-2018 18:27:16.536 INFO [main] org.apache.catalina.core.StandardService.startInternal Starting service [Catalina]
04-Dec-2018 18:27:16.545 INFO [main] org.apache.catalina.core.StandardEngine.startInternal Starting Servlet Engine: Apache Tomcat/8.5.32
04-Dec-2018 18:27:16.897 INFO [localhost-startStop-1] org.apache.catalina.startup.HostConfig.deployDescriptor Deploying configuration descriptor [/opt/jfrog/artifactory/tomcat/conf/Catalina/localhost/artifactory.xml]
04-Dec-2018 18:27:16.953 INFO [localhost-startStop-2] org.apache.catalina.startup.HostConfig.deployDescriptor Deploying configuration descriptor [/opt/jfrog/artifactory/tomcat/conf/Catalina/localhost/access.xml]
04-Dec-2018 18:28:55.503 INFO [localhost-startStop-1] org.apache.catalina.startup.HostConfig.deployDescriptor Deployment of configuration descriptor [/opt/jfrog/artifactory/tomcat/conf/Catalina/localhost/artifactory.xml] has finished in [98,615] ms
04-Dec-2018 19:12:59.980 INFO [main] org.apache.coyote.AbstractProtocol.init Initializing ProtocolHandler ["http-nio-8081"]
04-Dec-2018 19:13:00.325 INFO [main] org.apache.tomcat.util.net.NioSelectorPool.getSharedSelector Using a shared selector for servlet write/read
04-Dec-2018 19:13:00.397 INFO [main] org.apache.coyote.AbstractProtocol.init Initializing ProtocolHandler ["http-nio-8040"]
04-Dec-2018 19:13:00.420 INFO [main] org.apache.tomcat.util.net.NioSelectorPool.getSharedSelector Using a shared selector for servlet write/read
04-Dec-2018 19:13:00.576 INFO [main] org.apache.coyote.AbstractProtocol.init Initializing ProtocolHandler ["ajp-nio-8019"]
04-Dec-2018 19:13:00.596 INFO [main] org.apache.tomcat.util.net.NioSelectorPool.getSharedSelector Using a shared selector for servlet write/read
04-Dec-2018 19:13:00.642 INFO [main] org.apache.catalina.core.StandardService.startInternal Starting service [Catalina]
04-Dec-2018 19:13:00.705 INFO [main] org.apache.catalina.core.StandardEngine.startInternal Starting Servlet Engine: Apache Tomcat/8.5.32
04-Dec-2018 19:13:00.937 INFO [localhost-startStop-1] org.apache.catalina.startup.HostConfig.deployDescriptor Deploying configuration descriptor [/opt/jfrog/artifactory/tomcat/conf/Catalina/localhost/artifactory.xml]
04-Dec-2018 19:13:00.966 INFO [localhost-startStop-2] org.apache.catalina.startup.HostConfig.deployDescriptor Deploying configuration descriptor [/opt/jfrog/artifactory/tomcat/conf/Catalina/localhost/access.xml]
04-Dec-2018 19:14:18.630 INFO [localhost-startStop-1] org.apache.catalina.startup.HostConfig.deployDescriptor Deployment of configuration descriptor [/opt/jfrog/artifactory/tomcat/conf/Catalina/localhost/artifactory.xml] has finished in [77,690] ms
